<?xml version="1.0" encoding="UTF-8"?>
<testng-results skipped="0" failed="0" ignored="0" total="1" passed="1">
  <reporter-output>
  </reporter-output>
  <suite name="test" duration-ms="29" started-at="2018-03-10T10:20:45Z" finished-at="2018-03-10T10:20:45Z">
    <groups>
    </groups>
    <test name="test1" duration-ms="29" started-at="2018-03-10T10:20:45Z" finished-at="2018-03-10T10:20:45Z">
      <class name="sample.project.Test_Sample">
        <test-method status="PASS" signature="main()[pri:0, instance:sample.project.Test_Sample@6b2fad11]" name="main" duration-ms="9" started-at="2018-03-10T15:50:45Z" finished-at="2018-03-10T15:50:45Z">
          <reporter-output>
          </reporter-output>
        </test-method> <!-- main -->
      </class> <!-- sample.project.Test_Sample -->
    </test> <!-- test1 -->
  </suite> <!-- test -->
</testng-results>
